<config>
  <serverport>30020</serverport>
<plugin active="yes">
    <item>
      <mimetype>video/mpeg</mimetype>
      <location>/tmp/movie.mpg</location>
      <upnp_class>object.item.videoItem</upnp_class>
      <fourth_field>DLNA.ORG_PN=MPEG_PS_PAL;DLNA.ORG_OP=01;DLNA.ORG_CI=0</fourth_field>
    </item>
    <name>Test</name>
    <backend>TestStore</backend>
  </plugin>
</config>